<?xml version="1.0" encoding="UTF-8"?>
<testsuite name="connect4.PlayerTest" tests="1" skipped="0" failures="0" errors="0" timestamp="2016-12-10T09:39:11" hostname="DESKTOP-RM332S9" time="0.0">
  <properties/>
  <testcase name="testPlay" classname="connect4.PlayerTest" time="0.0"/>
  <system-out><![CDATA[]]></system-out>
  <system-err><![CDATA[]]></system-err>
</testsuite>
