<?xml version="1.0" encoding="UTF-8"?>
<testsuite name="connect4.BoardTest" tests="4" skipped="0" failures="0" errors="0" timestamp="2016-12-10T09:39:11" hostname="DESKTOP-RM332S9" time="0.004">
  <properties/>
  <testcase name="testPutPieceInBoard" classname="connect4.BoardTest" time="0.003"/>
  <testcase name="testGetCase" classname="connect4.BoardTest" time="0.0"/>
  <testcase name="testColumnIsFull" classname="connect4.BoardTest" time="0.0"/>
  <testcase name="testIsInBoard" classname="connect4.BoardTest" time="0.0"/>
  <system-out><![CDATA[]]></system-out>
  <system-err><![CDATA[]]></system-err>
</testsuite>
